<?xml version="1.0" encoding="UTF-8"?>
<!-- Generated by org.testng.reporters.JUnitReportReporter -->
<testsuite skipped="0" hostname="LENOVO" name="com.actitime.tests.TestA" tests="1" failures="0" timestamp="24 Aug 2018 13:41:20 GMT" time="0.116" errors="0">
  <testcase name="create" time="0.116" classname="com.actitime.tests.TestA"/>
</testsuite> <!-- com.actitime.tests.TestA -->
